<?xml version="1.0" encoding="UTF-8"?>
<!-- Generated by org.testng.reporters.JUnitReportReporter -->
<testsuite hostname="Saviour-PK" name="com.example.tests.GroupModificationTests" tests="4" failures="0" timestamp="16 Jan 2015 17:28:45 GMT" time="29.934" errors="0">
  <testcase name="modifySomeGroup" time="7.290" classname="com.example.tests.GroupModificationTests"/>
  <testcase name="modifySomeGroup" time="6.633" classname="com.example.tests.GroupModificationTests"/>
  <testcase name="modifySomeGroup" time="8.010" classname="com.example.tests.GroupModificationTests"/>
  <testcase name="modifySomeGroup" time="8.001" classname="com.example.tests.GroupModificationTests"/>
</testsuite> <!-- com.example.tests.GroupModificationTests -->
