<?xml version="1.0" encoding="UTF-8"?>
<!-- Generated by org.testng.reporters.JUnitReportReporter -->
<testsuite hostname="Saviour-PK" name="com.example.tests.GroupRemovalTests" tests="1" failures="0" timestamp="18 Dec 2014 19:04:35 GMT" time="3.350" errors="0">
  <testcase name="deleteSomeGroup" time="3.350" classname="com.example.tests.GroupRemovalTests"/>
</testsuite> <!-- com.example.tests.GroupRemovalTests -->
