<?xml version="1.0" encoding="UTF-8"?>
<!-- Generated by org.testng.reporters.JUnitReportReporter -->
<testsuite hostname="user-pc" name="com.example.tests.GroupCreationTests" tests="2" failures="0" timestamp="9 Dec 2014 15:08:38 GMT" time="3.051" errors="0">
  <testcase name="testEmptyGroupCreation" time="1.319" classname="com.example.tests.GroupCreationTests"/>
  <testcase name="testNonEmptyGroupCreation" time="1.732" classname="com.example.tests.GroupCreationTests"/>
</testsuite> <!-- com.example.tests.GroupCreationTests -->
