<?xml version="1.0" encoding="UTF-8"?>
<!-- Generated by org.testng.reporters.JUnitReportReporter -->
<testsuite hostname="Saviour-PK" name="com.example.tests.GroupModificationTests" tests="1" failures="0" timestamp="25 Feb 2015 21:30:12 GMT" time="0.015" errors="0">
  <testcase name="modifySomeGroup" time="0.015" classname="com.example.tests.GroupModificationTests"/>
</testsuite> <!-- com.example.tests.GroupModificationTests -->
