<?xml version="1.0" encoding="UTF-8"?>
<!-- Generated by org.testng.reporters.JUnitReportReporter -->
<testsuite hostname="Saviour-PK" name="com.example.tests.PrintPhoneCompareTests" tests="1" failures="0" timestamp="24 Feb 2015 17:50:40 GMT" time="18.353" errors="0">
  <testcase name="comparePrintphonesWithDb" time="18.353" classname="com.example.tests.PrintPhoneCompareTests"/>
</testsuite> <!-- com.example.tests.PrintPhoneCompareTests -->
