<?xml version="1.0" encoding="UTF-8"?>
<!-- Generated by org.testng.reporters.JUnitReportReporter -->
<testsuite hostname="Saviour-PK" name="com.example.tests.ContactModificationTests" tests="1" failures="0" timestamp="13 Feb 2015 13:26:14 GMT" time="23.987" errors="0">
  <testcase name="modifySomeContact" time="23.987" classname="com.example.tests.ContactModificationTests"/>
</testsuite> <!-- com.example.tests.ContactModificationTests -->
