<?xml version="1.0" encoding="UTF-8"?>
<!-- Generated by org.testng.reporters.JUnitReportReporter -->
<testsuite hostname="Saviour-PK" name="com.example.tests.GroupRemovalTests" tests="1" failures="0" timestamp="18 Dec 2014 22:50:02 GMT" time="2.254" errors="0">
  <testcase name="deleteSomeGroup" time="2.254" classname="com.example.tests.GroupRemovalTests"/>
</testsuite> <!-- com.example.tests.GroupRemovalTests -->
