<?xml version="1.0" encoding="UTF-8"?>
<!-- Generated by org.testng.reporters.JUnitReportReporter -->
<testsuite hostname="Saviour-PK" name="com.example.tests.ContactModificationTests" tests="1" failures="0" timestamp="18 Dec 2014 23:02:46 GMT" time="3.247" errors="0">
  <testcase name="modifySomeContact" time="3.247" classname="com.example.tests.ContactModificationTests"/>
</testsuite> <!-- com.example.tests.ContactModificationTests -->
