<?xml version="1.0" encoding="UTF-8"?>
<!-- Generated by org.testng.reporters.JUnitReportReporter -->
<testsuite hostname="Saviour-PK" name="com.example.tests.GroupRemovalTests" tests="3" failures="0" timestamp="16 Jan 2015 17:28:45 GMT" time="8.488" errors="0">
  <testcase name="deleteSomeGroup" time="2.810" classname="com.example.tests.GroupRemovalTests"/>
  <testcase name="deleteAllGroups" time="3.454" classname="com.example.tests.GroupRemovalTests"/>
  <testcase name="deleteNotAllGroups" time="2.224" classname="com.example.tests.GroupRemovalTests"/>
</testsuite> <!-- com.example.tests.GroupRemovalTests -->
