<?xml version="1.0" encoding="UTF-8"?>
<!-- Generated by org.testng.reporters.JUnitReportReporter -->
<testsuite hostname="user-pc" name="com.example.tests.ContactCreationTests" tests="2" failures="0" timestamp="9 Dec 2014 15:08:38 GMT" time="3.509" errors="0">
  <testcase name="testEmptyContactCreation" time="1.517" classname="com.example.tests.ContactCreationTests"/>
  <testcase name="testNonEmptyContactCreation" time="1.992" classname="com.example.tests.ContactCreationTests"/>
</testsuite> <!-- com.example.tests.ContactCreationTests -->
