<?xml version="1.0" encoding="UTF-8"?>
<!-- Generated by org.testng.reporters.JUnitReportReporter -->
<testsuite hostname="Saviour-PK" name="com.example.tests.GroupRemovalTests" tests="1" failures="0" timestamp="25 Feb 2015 21:30:53 GMT" time="0.073" errors="0">
  <testcase name="deleteAllGroups" time="0.073" classname="com.example.tests.GroupRemovalTests"/>
</testsuite> <!-- com.example.tests.GroupRemovalTests -->
