<?xml version="1.0" encoding="UTF-8"?>
<!-- Generated by org.testng.reporters.JUnitReportReporter -->
<testsuite hostname="Saviour-PK" name="com.example.tests.GroupModificationTests" tests="1" failures="0" timestamp="13 Feb 2015 13:31:45 GMT" time="0.013" errors="0">
  <testcase name="modifySomeGroup" time="0.013" classname="com.example.tests.GroupModificationTests"/>
</testsuite> <!-- com.example.tests.GroupModificationTests -->
