<?xml version="1.0" encoding="UTF-8"?>
<!-- Generated by org.testng.reporters.JUnitReportReporter -->
<testsuite hostname="Saviour-PK" name="com.example.tests.GroupCreationTests" tests="4" failures="0" timestamp="14 Jan 2015 14:15:13 GMT" time="16.509" errors="0">
  <testcase name="testGroupCreationWithValidData" time="5.252" classname="com.example.tests.GroupCreationTests"/>
  <testcase name="testGroupCreationWithValidData" time="2.969" classname="com.example.tests.GroupCreationTests"/>
  <testcase name="testGroupCreationWithValidData" time="4.975" classname="com.example.tests.GroupCreationTests"/>
  <testcase name="testGroupCreationWithValidData" time="3.313" classname="com.example.tests.GroupCreationTests"/>
</testsuite> <!-- com.example.tests.GroupCreationTests -->
