<?xml version="1.0" encoding="UTF-8"?>
<!-- Generated by org.testng.reporters.JUnitReportReporter -->
<testsuite hostname="Saviour-PK" name="com.example.tests.GroupModificationTests" tests="5" failures="0" timestamp="24 Dec 2014 20:38:14 GMT" time="25.912" errors="0">
  <testcase name="modifySomeGroup" time="4.709" classname="com.example.tests.GroupModificationTests"/>
  <testcase name="modifySomeGroup" time="6.781" classname="com.example.tests.GroupModificationTests"/>
  <testcase name="modifySomeGroup" time="5.077" classname="com.example.tests.GroupModificationTests"/>
  <testcase name="modifySomeGroup" time="4.186" classname="com.example.tests.GroupModificationTests"/>
  <testcase name="modifySomeGroup" time="5.159" classname="com.example.tests.GroupModificationTests"/>
</testsuite> <!-- com.example.tests.GroupModificationTests -->
