<?xml version="1.0" encoding="UTF-8"?>
<!-- Generated by org.testng.reporters.JUnitReportReporter -->
<testsuite hostname="Saviour-PK" name="com.example.tests.ContactRemovalTests" tests="1" failures="0" timestamp="18 Dec 2014 22:50:34 GMT" time="2.377" errors="0">
  <testcase name="deleteSomeGroup" time="2.377" classname="com.example.tests.ContactRemovalTests"/>
</testsuite> <!-- com.example.tests.ContactRemovalTests -->
