<?xml version="1.0" encoding="UTF-8"?>
<!-- Generated by org.testng.reporters.JUnitReportReporter -->
<testsuite hostname="Saviour-PK" name="com.example.tests.ContactRemovalTests" tests="1" failures="0" timestamp="9 Feb 2015 17:51:39 GMT" time="24.540" errors="0">
  <testcase name="deleteSomeContact" time="24.540" classname="com.example.tests.ContactRemovalTests"/>
</testsuite> <!-- com.example.tests.ContactRemovalTests -->
