<?xml version="1.0" encoding="UTF-8"?>
<!-- Generated by org.testng.reporters.JUnitReportReporter -->
<testsuite hostname="user-pc" name="com.example.tests.GroupCreationTests" tests="2" failures="0" timestamp="8 Dec 2014 15:58:13 GMT" time="3.437" errors="0">
  <testcase name="testEmptyGroupCreation" time="1.484" classname="com.example.tests.GroupCreationTests"/>
  <testcase name="testNonEmptyGroupCreation" time="1.953" classname="com.example.tests.GroupCreationTests"/>
</testsuite> <!-- com.example.tests.GroupCreationTests -->
