<?xml version="1.0" encoding="UTF-8"?>
<!-- Generated by org.testng.reporters.JUnitReportReporter -->
<testsuite hostname="Saviour-PK" name="com.example.tests.GroupRemovalTests" tests="1" failures="0" timestamp="7 Jan 2015 13:26:10 GMT" time="18.050" errors="0">
  <testcase name="deleteAllGroups" time="18.050" classname="com.example.tests.GroupRemovalTests"/>
</testsuite> <!-- com.example.tests.GroupRemovalTests -->
