<?xml version="1.0" encoding="UTF-8"?>
<!-- Generated by org.testng.reporters.JUnitReportReporter -->
<testsuite hostname="Saviour-PK" name="com.example.tests.ContactModificationTests" tests="1" failures="0" timestamp="25 Feb 2015 21:34:22 GMT" time="0.009" errors="0">
  <testcase name="modifySomeContact" time="0.009" classname="com.example.tests.ContactModificationTests"/>
</testsuite> <!-- com.example.tests.ContactModificationTests -->
