<?xml version="1.0" encoding="UTF-8"?>
<!-- Generated by org.testng.reporters.JUnitReportReporter -->
<testsuite hostname="Saviour-PK" name="com.example.tests.GroupCreationTests" tests="5" failures="0" timestamp="26 Dec 2014 14:09:34 GMT" time="30.023" errors="0">
  <testcase name="testGroupCreationWithValidData" time="4.599" classname="com.example.tests.GroupCreationTests"/>
  <testcase name="testGroupCreationWithValidData" time="5.267" classname="com.example.tests.GroupCreationTests"/>
  <testcase name="testGroupCreationWithValidData" time="6.466" classname="com.example.tests.GroupCreationTests"/>
  <testcase name="testGroupCreationWithValidData" time="7.426" classname="com.example.tests.GroupCreationTests"/>
  <testcase name="testGroupCreationWithValidData" time="6.265" classname="com.example.tests.GroupCreationTests"/>
</testsuite> <!-- com.example.tests.GroupCreationTests -->
