<?xml version="1.0" encoding="UTF-8"?>
<!-- Generated by org.testng.reporters.JUnitReportReporter -->
<testsuite hostname="Saviour-PK" name="com.example.tests.GroupCreationTests" tests="2" failures="0" timestamp="18 Dec 2014 18:56:51 GMT" time="7.515" errors="0">
  <testcase name="testNonEmptyGroupCreation" time="4.259" classname="com.example.tests.GroupCreationTests"/>
  <testcase name="testEmptyGroupCreation" time="3.256" classname="com.example.tests.GroupCreationTests"/>
</testsuite> <!-- com.example.tests.GroupCreationTests -->
