<?xml version="1.0" encoding="UTF-8"?>
<!-- Generated by org.testng.reporters.JUnitReportReporter -->
<testsuite hostname="user-pc" name="com.example.tests.ContactCreationTests" tests="2" failures="0" timestamp="8 Dec 2014 15:58:13 GMT" time="4.867" errors="0">
  <testcase name="testEmptyContactCreation" time="1.669" classname="com.example.tests.ContactCreationTests"/>
  <testcase name="testNonEmptyContactCreation" time="3.198" classname="com.example.tests.ContactCreationTests"/>
</testsuite> <!-- com.example.tests.ContactCreationTests -->
