<?xml version="1.0" encoding="UTF-8"?>
<!-- Generated by org.testng.reporters.JUnitReportReporter -->
<testsuite hostname="Saviour-PK" name="com.example.tests.GroupModificationTests" tests="1" failures="0" timestamp="7 Feb 2015 18:18:56 GMT" time="21.996" errors="0">
  <testcase name="modifySomeGroup" time="21.996" classname="com.example.tests.GroupModificationTests"/>
</testsuite> <!-- com.example.tests.GroupModificationTests -->
