<?xml version="1.0" encoding="UTF-8"?>
<!-- Generated by org.testng.reporters.JUnitReportReporter -->
<testsuite hostname="Saviour-PK" name="com.example.tests.GroupRemovalTests" tests="1" failures="0" timestamp="13 Feb 2015 13:07:39 GMT" time="22.811" errors="0">
  <testcase name="deleteAllGroups" time="22.811" classname="com.example.tests.GroupRemovalTests"/>
</testsuite> <!-- com.example.tests.GroupRemovalTests -->
