<?xml version="1.0" encoding="UTF-8"?>
<!-- Generated by org.testng.reporters.JUnitReportReporter -->
<testsuite hostname="Saviour-PK" name="com.example.tests.ContactRemovalTests" tests="1" failures="0" timestamp="13 Feb 2015 13:26:49 GMT" time="17.465" errors="0">
  <testcase name="deleteSomeContact" time="17.465" classname="com.example.tests.ContactRemovalTests"/>
</testsuite> <!-- com.example.tests.ContactRemovalTests -->
