<?xml version="1.0" encoding="UTF-8"?>
<!-- Generated by org.testng.reporters.JUnitReportReporter -->
<testsuite hostname="Saviour-PK" name="com.example.tests.GroupModificationTests" tests="1" failures="0" timestamp="18 Dec 2014 19:01:48 GMT" time="3.863" errors="0">
  <testcase name="modifySomeGroup" time="3.863" classname="com.example.tests.GroupModificationTests"/>
</testsuite> <!-- com.example.tests.GroupModificationTests -->
