<?xml version="1.0" encoding="UTF-8"?>
<!-- Generated by org.testng.reporters.JUnitReportReporter -->
<testsuite hostname="Saviour-PK" name="com.example.tests.GroupModificationTests" tests="5" failures="0" timestamp="1 Jan 2015 16:17:55 GMT" time="29.485" errors="0">
  <testcase name="modifySomeGroup" time="5.220" classname="com.example.tests.GroupModificationTests"/>
  <testcase name="modifySomeGroup" time="5.464" classname="com.example.tests.GroupModificationTests"/>
  <testcase name="modifySomeGroup" time="6.508" classname="com.example.tests.GroupModificationTests"/>
  <testcase name="modifySomeGroup" time="6.238" classname="com.example.tests.GroupModificationTests"/>
  <testcase name="modifySomeGroup" time="6.055" classname="com.example.tests.GroupModificationTests"/>
</testsuite> <!-- com.example.tests.GroupModificationTests -->
