<?xml version="1.0" encoding="UTF-8"?>
<!-- Generated by org.testng.reporters.JUnitReportReporter -->
<testsuite hostname="Saviour-PK" name="com.example.tests.GroupModificationTests" tests="5" failures="0" timestamp="8 Jan 2015 11:57:44 GMT" time="15.745" errors="0">
  <testcase name="modifySomeGroup" time="0.002" classname="com.example.tests.GroupModificationTests"/>
  <testcase name="modifySomeGroup" time="0.001" classname="com.example.tests.GroupModificationTests"/>
  <testcase name="modifySomeGroup" time="15.737" classname="com.example.tests.GroupModificationTests"/>
  <testcase name="modifySomeGroup" time="0.004" classname="com.example.tests.GroupModificationTests"/>
  <testcase name="modifySomeGroup" time="0.001" classname="com.example.tests.GroupModificationTests"/>
</testsuite> <!-- com.example.tests.GroupModificationTests -->
