<?xml version="1.0" encoding="UTF-8"?>
<!-- Generated by org.testng.reporters.JUnitReportReporter -->
<testsuite hostname="Saviour-PK" name="com.example.tests.ContactModificationTests" tests="3" failures="0" timestamp="8 Jan 2015 12:00:42 GMT" time="14.297" errors="0">
  <testcase name="modifySomeContact" time="4.187" classname="com.example.tests.ContactModificationTests"/>
  <testcase name="modifySomeContact" time="5.760" classname="com.example.tests.ContactModificationTests"/>
  <testcase name="modifySomeContact" time="4.350" classname="com.example.tests.ContactModificationTests"/>
</testsuite> <!-- com.example.tests.ContactModificationTests -->
