<?xml version="1.0" encoding="UTF-8"?>
<!-- Generated by org.testng.reporters.JUnitReportReporter -->
<testsuite hostname="Saviour-PK" name="com.example.tests.ContactModificationTests" tests="1" failures="0" timestamp="24 Dec 2014 20:36:47 GMT" time="4.123" errors="0">
  <testcase name="modifySomeContact" time="4.123" classname="com.example.tests.ContactModificationTests"/>
</testsuite> <!-- com.example.tests.ContactModificationTests -->
