<?xml version="1.0" encoding="UTF-8"?>
<!-- Generated by org.testng.reporters.JUnitReportReporter -->
<testsuite hostname="user-pc" name="com.example.tests.GroupCreationTests" tests="2" failures="0" timestamp="7 Dec 2014 18:32:28 GMT" time="5.586" errors="0">
  <testcase name="testNonEmptyGroupCreation" time="3.040" classname="com.example.tests.GroupCreationTests"/>
  <testcase name="testEmptyGroupCreation" time="2.546" classname="com.example.tests.GroupCreationTests"/>
</testsuite> <!-- com.example.tests.GroupCreationTests -->
