<?xml version="1.0" encoding="UTF-8"?>
<!-- Generated by org.testng.reporters.JUnitReportReporter -->
<testsuite hostname="Saviour-PK" name="com.example.tests.ContactCreationTests" tests="2" failures="0" timestamp="24 Dec 2014 13:15:15 GMT" time="11.714" errors="0">
  <testcase name="testNonEmptyContactCreation" time="5.485" classname="com.example.tests.ContactCreationTests"/>
  <testcase name="testEmptyContactCreation" time="6.229" classname="com.example.tests.ContactCreationTests"/>
</testsuite> <!-- com.example.tests.ContactCreationTests -->
