<?xml version="1.0" encoding="UTF-8"?>
<!-- Generated by org.testng.reporters.JUnitReportReporter -->
<testsuite hostname="Saviour-PK" name="com.example.tests.PrintPhoneCompareTests" tests="1" failures="0" timestamp="25 Feb 2015 21:38:58 GMT" time="17.152" errors="0">
  <testcase name="comparePrintphonesWithDb" time="17.152" classname="com.example.tests.PrintPhoneCompareTests"/>
</testsuite> <!-- com.example.tests.PrintPhoneCompareTests -->
