<?xml version="1.0" encoding="UTF-8"?>
<!-- Generated by org.testng.reporters.JUnitReportReporter -->
<testsuite hostname="user-pc" name="com.example.tests.AlsoCopyOfGroupCreationTests" tests="2" failures="0" timestamp="7 Dec 2014 18:32:28 GMT" time="5.040" errors="0">
  <testcase name="testEmptyGroupCreation" time="2.470" classname="com.example.tests.AlsoCopyOfGroupCreationTests"/>
  <testcase name="testNonEmptyGroupCreation" time="2.570" classname="com.example.tests.AlsoCopyOfGroupCreationTests"/>
</testsuite> <!-- com.example.tests.AlsoCopyOfGroupCreationTests -->
