<?xml version="1.0" encoding="UTF-8"?>
<!-- Generated by org.testng.reporters.JUnitReportReporter -->
<testsuite hostname="Saviour-PK" name="com.example.tests.ContactModificationTests" tests="3" failures="0" timestamp="1 Jan 2015 16:36:21 GMT" time="21.468" errors="0">
  <testcase name="modifySomeContact" time="5.426" classname="com.example.tests.ContactModificationTests"/>
  <testcase name="modifySomeContact" time="7.305" classname="com.example.tests.ContactModificationTests"/>
  <testcase name="modifySomeContact" time="8.737" classname="com.example.tests.ContactModificationTests"/>
</testsuite> <!-- com.example.tests.ContactModificationTests -->
