<?xml version="1.0" encoding="UTF-8"?>
<!-- Generated by org.testng.reporters.JUnitReportReporter -->
<testsuite hostname="Saviour-PK" name="com.example.tests.TestContactCreation" tests="1" failures="0" timestamp="23 Jan 2015 13:43:18 GMT" time="6.645" errors="0">
  <testcase name="shouldCreateContactWithValidData" time="6.645" classname="com.example.tests.TestContactCreation"/>
</testsuite> <!-- com.example.tests.TestContactCreation -->
